<?xml version="1.0" encoding="UTF-8"?>
<!-- Generated by org.testng.reporters.JUnitReportReporter -->
<testsuite skipped="0" hostname="Sekar-PC" name="testng.TestNG3" tests="3" failures="0" timestamp="16 Jul 2021 00:29:01 GMT" time="166.268" errors="0">
  <testcase name="launch" time="37.542" classname="testng.TestNG3"/>
  <testcase name="launch" time="61.239" classname="testng.TestNG3"/>
  <testcase name="launch" time="67.487" classname="testng.TestNG3"/>
</testsuite> <!-- testng.TestNG3 -->
