<?xml version="1.0" encoding="UTF-8"?>
<!-- Generated by org.testng.reporters.JUnitReportReporter -->
<testsuite skipped="0" hostname="Sekar-PC" name="testng.TestNG" tests="6" failures="0" timestamp="12 Jul 2021 11:18:32 GMT" time="0.039" errors="0">
  <testcase name="tc04" time="0.021" classname="testng.TestNG"/>
  <testcase name="tc09" time="0.003" classname="testng.TestNG"/>
  <testcase name="tc05" time="0.006" classname="testng.TestNG"/>
  <testcase name="tc06" time="0.005" classname="testng.TestNG"/>
  <testcase name="tc08" time="0.002" classname="testng.TestNG"/>
  <testcase name="tc07" time="0.002" classname="testng.TestNG"/>
</testsuite> <!-- testng.TestNG -->
