<?xml version="1.0" encoding="UTF-8"?>
<!-- Generated by org.testng.reporters.JUnitReportReporter -->
<testsuite skipped="0" hostname="Sekar-PC" name="testng.TestNG1" tests="4" failures="0" timestamp="12 Jul 2021 12:54:19 GMT" time="69.962" errors="0">
  <testcase name="page3" time="2.296" classname="testng.TestNG1"/>
  <testcase name="page2" time="5.344" classname="testng.TestNG1"/>
  <testcase name="page1" time="60.674" classname="testng.TestNG1"/>
  <testcase name="page4" time="1.648" classname="testng.TestNG1"/>
</testsuite> <!-- testng.TestNG1 -->
