<?xml version="1.0" encoding="UTF-8"?>
<!-- Generated by org.testng.reporters.JUnitReportReporter -->
<testsuite skipped="0" hostname="Sekar-PC" name="testng.TestNG2" tests="2" failures="0" timestamp="15 Jul 2021 22:45:47 GMT" time="0.015" errors="0">
  <testcase name="tc0" time="0.000" classname="testng.TestNG2"/>
  <testcase name="tc0" time="0.015" classname="testng.TestNG2"/>
</testsuite> <!-- testng.TestNG2 -->
