<?xml version="1.0" encoding="UTF-8"?>
<!-- Generated by org.testng.reporters.JUnitReportReporter -->
<testsuite skipped="0" hostname="Sekar-PC" name="testng.TestNG4" tests="2" failures="0" timestamp="16 Jul 2021 06:12:08 GMT" time="0.073" errors="0">
  <testcase name="tc02" time="0.003" classname="testng.TestNG4"/>
  <testcase name="tc01" time="0.070" classname="testng.TestNG4"/>
</testsuite> <!-- testng.TestNG4 -->
